 i,     l,    2*j,      ei,      qei,     vi
           1           0           1  -40.6188010380179     
   34.7776883660166        1.00000000000000     
           2           1           3  -20.5734094230166     
   14.7322967510153        1.00000000000000     
           3           1           1  -10.8197169438729     
   4.97860427187154        1.00000000000000     
           4           2           5 -0.862517084491377     
   4.97859558750998       0.000000000000000E+000
           5           0           1   6.33061481852348     
   12.1717274905248       0.000000000000000E+000
           6           2           3   11.6745988015936     
   17.5157114735949       0.000000000000000E+000
           7           3           7   14.1219056043234     
   19.9630182763248       0.000000000000000E+000
           8           1           3   17.4060188913292     
   23.2471315633306       0.000000000000000E+000
           9           1           1   21.4447803720772     
   27.2858930440786       0.000000000000000E+000
          10           3           5   25.5625623595141     
   31.4036750315154       0.000000000000000E+000
