 i,     l,    2*j,      ei,      qei,     vi
           1           0           1  -37.0331395975956     
   34.7260777467021        1.00000000000000     
           2           1           3  -17.0651587541797     
   14.7580969032863        1.00000000000000     
           3           1           1  -7.45236538183186     
   5.14530353093845        1.00000000000000     
           4           2           5   2.83823225641114     
   5.14529410730456       0.000000000000000E+000
           5           0           1   10.1144594780028     
   12.4215213288962       0.000000000000000E+000
           6           2           3   15.2898079627123     
   17.5968698136057       0.000000000000000E+000
           7           3           7   17.6093931263370     
   19.9164549772304       0.000000000000000E+000
           8           1           3   21.0198973580795     
   23.3269592089729       0.000000000000000E+000
           9           1           1   25.1282918903708     
   27.4353537412642       0.000000000000000E+000
          10           3           5   28.9946582897018     
   31.3017201405953       0.000000000000000E+000
