 
  pi=          -1 J=           0
 
 phonon  E_i=   11.3324435430867     
 
p  1  1    -7.452  0  1    10.114    0.503
n  1  1   -10.820  0  1     6.331    0.492
 
 phonon  E_i=   16.7563172925757     
 
p  1  1    -7.452  0  1    10.114    0.488
n  1  1   -10.820  0  1     6.331    0.500
 
 phonon  E_i=   26.2159028487899     
 
p  1  3   -17.065  2  3    15.290    0.533
n  1  3   -20.573  2  3    11.675    0.465
 
 phonon  E_i=   31.6737875570971     
 
p  1  3   -17.065  2  3    15.290    0.464
n  1  3   -20.573  2  3    11.675    0.530
 
 phonon  E_i=   57.3350059558204     
 
p  0  1   -37.033  1  1    25.128    0.714
n  0  1   -40.619  1  1    21.445    0.279
 
 phonon  E_i=   58.4266337174000     
 
p  0  1   -37.033  1  1    25.128    0.275
n  0  1   -40.619  1  1    21.445    0.711
 
  pi=          -1 J=           1
 
 phonon  E_i=  0.374440704758204     
 
p  1  3   -17.065  2  5     2.838    0.264
p  1  3   -17.065  0  1    10.114    0.057
p  1  3   -17.065  2  3    15.290    0.030
p  1  1    -7.452  0  1    10.114    0.022
p  1  1    -7.452  2  3    15.290    0.122
n  1  3   -20.573  2  5    -0.863    0.267
n  1  3   -20.573  0  1     6.331    0.058
n  1  3   -20.573  2  3    11.675    0.030
n  1  1   -10.820  0  1     6.331    0.023
n  1  1   -10.820  2  3    11.675    0.126
 
 phonon  E_i=   12.8475161887622     
 
p  1  3   -17.065  2  5     2.838    0.060
p  1  3   -17.065  0  1    10.114    0.057
p  1  1    -7.452  0  1    10.114    0.377
n  1  3   -20.573  2  5    -0.863    0.060
n  1  3   -20.573  0  1     6.331    0.056
n  1  1   -10.820  0  1     6.331    0.374
 
 phonon  E_i=   16.9886622531114     
 
p  1  3   -17.065  2  5     2.838    0.039
p  1  1    -7.452  0  1    10.114    0.452
n  1  3   -20.573  2  5    -0.863    0.039
n  1  1   -10.820  0  1     6.331    0.454
 
 phonon  E_i=   22.8966955667760     
 
p  1  3   -17.065  2  5     2.838    0.193
p  1  3   -17.065  2  3    15.290    0.025
p  1  1    -7.452  0  1    10.114    0.042
p  1  1    -7.452  2  3    15.290    0.350
n  1  3   -20.573  2  5    -0.863    0.125
n  1  3   -20.573  2  3    11.675    0.019
n  1  1   -10.820  0  1     6.331    0.026
n  1  1   -10.820  2  3    11.675    0.218
 
 phonon  E_i=   23.8507918388598     
 
p  1  3   -17.065  2  5     2.838    0.102
p  1  3   -17.065  0  1    10.114    0.050
p  1  1    -7.452  0  1    10.114    0.031
p  1  1    -7.452  2  3    15.290    0.200
n  1  3   -20.573  2  5    -0.863    0.166
n  1  3   -20.573  0  1     6.331    0.046
n  1  3   -20.573  2  3    11.675    0.014
n  1  1   -10.820  0  1     6.331    0.045
n  1  1   -10.820  2  3    11.675    0.335
 
 phonon  E_i=   26.4977235717784     
 
p  1  3   -17.065  2  5     2.838    0.284
p  1  3   -17.065  0  1    10.114    0.027
p  1  1    -7.452  2  3    15.290    0.182
n  1  3   -20.573  2  5    -0.863    0.283
n  1  3   -20.573  0  1     6.331    0.026
n  1  1   -10.820  2  3    11.675    0.168
 
 phonon  E_i=   29.2287119376035     
 
p  1  3   -17.065  2  5     2.838    0.018
p  1  3   -17.065  0  1    10.114    0.601
n  1  3   -20.573  2  5    -0.863    0.013
n  1  3   -20.573  0  1     6.331    0.332
n  1  1   -10.820  2  3    11.675    0.022
 
 phonon  E_i=   29.7032849603837     
 
p  1  3   -17.065  0  1    10.114    0.204
p  1  1    -7.452  0  1    10.114    0.058
p  1  1    -7.452  2  3    15.290    0.105
n  1  3   -20.573  0  1     6.331    0.478
n  1  1   -10.820  0  1     6.331    0.052
n  1  1   -10.820  2  3    11.675    0.092
 
 phonon  E_i=   34.9334418142249     
 
p  1  3   -17.065  2  3    15.290    0.589
p  1  1    -7.452  2  3    15.290    0.021
n  1  3   -20.573  2  3    11.675    0.351
n  1  1   -10.820  2  3    11.675    0.025
 
 phonon  E_i=   36.5177234246718     
 
p  1  3   -17.065  2  5     2.838    0.034
p  1  3   -17.065  2  3    15.290    0.335
n  1  3   -20.573  2  5    -0.863    0.042
n  1  3   -20.573  2  3    11.675    0.571
 
 phonon  E_i=   52.0647104958264     
 
p  0  1   -37.033  1  3    21.020    0.303
p  0  1   -37.033  1  1    25.128    0.205
n  0  1   -40.619  1  3    17.406    0.279
n  0  1   -40.619  1  1    21.445    0.194
 
 phonon  E_i=   61.1176275272887     
 
p  0  1   -37.033  1  3    21.020    0.524
n  0  1   -40.619  1  3    17.406    0.466
 
 phonon  E_i=   63.4376699473064     
 
p  0  1   -37.033  1  3    21.020    0.146
p  0  1   -37.033  1  1    25.128    0.467
n  0  1   -40.619  1  3    17.406    0.238
n  0  1   -40.619  1  1    21.445    0.144
 
 phonon  E_i=   64.2128021152255     
 
p  0  1   -37.033  1  3    21.020    0.014
p  0  1   -37.033  1  1    25.128    0.317
n  0  1   -40.619  1  1    21.445    0.656
 
  pi=          -1 J=           2
 
 phonon  E_i=   10.1579780358942     
 
p  1  3   -17.065  2  5     2.838    0.016
p  1  1    -7.452  2  5     2.838    0.494
p  1  1    -7.452  2  3    15.290    0.020
n  1  3   -20.573  2  5    -0.863    0.015
n  1  1   -10.820  2  5    -0.863    0.428
n  1  1   -10.820  2  3    11.675    0.020
 
 phonon  E_i=   12.1683840531225     
 
p  1  1    -7.452  2  5     2.838    0.455
n  1  3   -20.573  2  5    -0.863    0.012
n  1  1   -10.820  2  5    -0.863    0.517
 
 phonon  E_i=   18.4449703584523     
 
p  1  3   -17.065  2  5     2.838    0.489
p  1  1    -7.452  2  5     2.838    0.021
p  1  1    -7.452  2  3    15.290    0.021
n  1  3   -20.573  2  5    -0.863    0.398
n  1  1   -10.820  2  5    -0.863    0.020
n  1  1   -10.820  2  3    11.675    0.022
 
 phonon  E_i=   20.5931011001830     
 
p  1  3   -17.065  2  5     2.838    0.202
p  1  3   -17.065  0  1    10.114    0.033
p  1  1    -7.452  2  3    15.290    0.346
n  1  3   -20.573  2  5    -0.863    0.203
n  1  3   -20.573  0  1     6.331    0.031
n  1  1   -10.820  2  5    -0.863    0.013
n  1  1   -10.820  2  3    11.675    0.155
 
 phonon  E_i=   21.3558903486045     
 
p  1  1    -7.452  2  5     2.838    0.014
p  1  1    -7.452  2  3    15.290    0.399
n  1  3   -20.573  2  5    -0.863    0.075
n  1  1   -10.820  2  3    11.675    0.486
 
 phonon  E_i=   21.8107875642154     
 
p  1  3   -17.065  2  5     2.838    0.251
p  1  1    -7.452  2  3    15.290    0.186
n  1  3   -20.573  2  5    -0.863    0.268
n  1  1   -10.820  2  3    11.675    0.287
 
 phonon  E_i=   26.8424227709990     
 
p  1  3   -17.065  2  5     2.838    0.011
p  1  3   -17.065  0  1    10.114    0.519
p  1  3   -17.065  2  3    15.290    0.048
n  1  3   -20.573  0  1     6.331    0.359
n  1  3   -20.573  2  3    11.675    0.041
 
 phonon  E_i=   28.1292988078650     
 
p  1  3   -17.065  2  5     2.838    0.011
p  1  3   -17.065  0  1    10.114    0.388
p  1  1    -7.452  2  3    15.290    0.019
n  1  3   -20.573  2  5    -0.863    0.015
n  1  3   -20.573  0  1     6.331    0.542
n  1  1   -10.820  2  3    11.675    0.021
 
 phonon  E_i=   31.8779163466829     
 
p  1  3   -17.065  0  1    10.114    0.050
p  1  3   -17.065  2  3    15.290    0.532
n  1  3   -20.573  0  1     6.331    0.053
n  1  3   -20.573  2  3    11.675    0.342
 
 phonon  E_i=   33.4359711496397     
 
p  1  3   -17.065  2  3    15.290    0.394
n  1  3   -20.573  2  3    11.675    0.589
 
 phonon  E_i=   58.2091215643317     
 
p  0  1   -37.033  1  3    21.020    0.966
p  0  1   -37.033  3  5    28.995    0.023
 
 phonon  E_i=   58.6933006621980     
 
n  0  1   -40.619  1  3    17.406    0.966
n  0  1   -40.619  3  5    25.563    0.022
 
 phonon  E_i=   65.2318104890184     
 
p  0  1   -37.033  1  3    21.020    0.010
p  0  1   -37.033  3  5    28.995    0.696
n  0  1   -40.619  3  5    25.563    0.281
 
 phonon  E_i=   66.6033320872130     
 
p  0  1   -37.033  1  3    21.020    0.015
p  0  1   -37.033  3  5    28.995    0.271
n  0  1   -40.619  1  3    17.406    0.024
n  0  1   -40.619  3  5    25.563    0.687
 
  pi=          -1 J=           3
 
 phonon  E_i=   7.46314451839210     
 
p  1  3   -17.065  2  5     2.838    0.020
p  1  3   -17.065  2  3    15.290    0.024
p  1  1    -7.452  2  5     2.838    0.464
n  1  3   -20.573  2  5    -0.863    0.020
n  1  3   -20.573  2  3    11.675    0.024
n  1  1   -10.820  2  5    -0.863    0.443
 
 phonon  E_i=   11.9722946601374     
 
p  1  3   -17.065  2  5     2.838    0.011
p  1  1    -7.452  2  5     2.838    0.480
n  1  1   -10.820  2  5    -0.863    0.497
 
 phonon  E_i=   19.3714147035517     
 
p  1  3   -17.065  2  5     2.838    0.481
p  1  3   -17.065  2  3    15.290    0.034
p  1  1    -7.452  2  5     2.838    0.030
n  1  3   -20.573  2  5    -0.863    0.377
n  1  3   -20.573  2  3    11.675    0.034
n  1  1   -10.820  2  5    -0.863    0.037
 
 phonon  E_i=   21.0689978153851     
 
p  1  3   -17.065  2  5     2.838    0.436
p  1  1    -7.452  2  5     2.838    0.013
n  1  3   -20.573  2  5    -0.863    0.537
 
 phonon  E_i=   30.2120137017921     
 
p  1  3   -17.065  2  5     2.838    0.046
p  1  3   -17.065  2  3    15.290    0.464
p  1  1    -7.452  2  5     2.838    0.012
n  1  3   -20.573  2  5    -0.863    0.053
n  1  3   -20.573  2  3    11.675    0.390
n  1  1   -10.820  2  5    -0.863    0.013
 
 phonon  E_i=   34.0181595689948     
 
p  1  3   -17.065  2  3    15.290    0.459
n  1  3   -20.573  2  3    11.675    0.535
 
 phonon  E_i=   54.0202234268939     
 
p  0  1   -37.033  3  7    17.609    0.542
p  0  1   -37.033  3  5    28.995    0.051
p  1  3   -17.065  2  3    15.290    0.012
n  0  1   -40.619  3  7    14.122    0.331
n  0  1   -40.619  3  5    25.563    0.050
n  1  3   -20.573  2  3    11.675    0.013
 
 phonon  E_i=   56.1687025840663     
 
p  0  1   -37.033  3  7    17.609    0.395
n  0  1   -40.619  3  7    14.122    0.597
 
 phonon  E_i=   65.9759386238106     
 
p  0  1   -37.033  3  7    17.609    0.020
p  0  1   -37.033  3  5    28.995    0.932
n  0  1   -40.619  3  7    14.122    0.045
 
 phonon  E_i=   66.5216142714263     
 
p  0  1   -37.033  3  7    17.609    0.033
n  0  1   -40.619  3  7    14.122    0.017
n  0  1   -40.619  3  5    25.563    0.942
 
  pi=          -1 J=           4
 
 phonon  E_i=   20.3114661893633     
 
p  1  3   -17.065  2  5     2.838    0.874
n  1  3   -20.573  2  5    -0.863    0.126
 
 phonon  E_i=   20.7333049014510     
 
p  1  3   -17.065  2  5     2.838    0.126
n  1  3   -20.573  2  5    -0.863    0.874
 
 phonon  E_i=   54.8445205184207     
 
p  0  1   -37.033  3  7    17.609    0.936
n  0  1   -40.619  3  7    14.122    0.064
 
 phonon  E_i=   55.4739146633546     
 
p  0  1   -37.033  3  7    17.609    0.064
n  0  1   -40.619  3  7    14.122    0.936
 
  pi=           1 J=           0
 
 phonon  E_i=   26.9555428322549     
 
p  0  1   -37.033  0  1    10.114    0.052
p  1  3   -17.065  1  3    21.020    0.375
p  1  1    -7.452  1  1    25.128    0.072
n  0  1   -40.619  0  1     6.331    0.051
n  1  3   -20.573  1  3    17.406    0.363
n  1  1   -10.820  1  1    21.445    0.086
 
 phonon  E_i=   31.1747762640969     
 
p  0  1   -37.033  0  1    10.114    0.014
p  1  3   -17.065  1  3    21.020    0.041
p  1  1    -7.452  1  1    25.128    0.472
n  0  1   -40.619  0  1     6.331    0.011
n  1  3   -20.573  1  3    17.406    0.048
n  1  1   -10.820  1  1    21.445    0.415
 
 phonon  E_i=   33.0236393259691     
 
p  0  1   -37.033  0  1    10.114    0.227
p  1  1    -7.452  1  1    25.128    0.250
n  0  1   -40.619  0  1     6.331    0.228
n  1  1   -10.820  1  1    21.445    0.288
 
 phonon  E_i=   40.4554310686776     
 
p  0  1   -37.033  0  1    10.114    0.061
p  1  3   -17.065  1  3    21.020    0.425
p  1  1    -7.452  1  1    25.128    0.023
n  0  1   -40.619  0  1     6.331    0.054
n  1  3   -20.573  1  3    17.406    0.406
n  1  1   -10.820  1  1    21.445    0.031
 
 phonon  E_i=   45.4367610503966     
 
p  0  1   -37.033  0  1    10.114    0.219
p  1  3   -17.065  1  3    21.020    0.116
p  1  1    -7.452  1  1    25.128    0.153
n  0  1   -40.619  0  1     6.331    0.223
n  1  3   -20.573  1  3    17.406    0.138
n  1  1   -10.820  1  1    21.445    0.150
 
 phonon  E_i=   53.3294977458030     
 
p  0  1   -37.033  0  1    10.114    0.427
p  1  3   -17.065  1  3    21.020    0.040
p  1  1    -7.452  1  1    25.128    0.029
n  0  1   -40.619  0  1     6.331    0.434
n  1  3   -20.573  1  3    17.406    0.040
n  1  1   -10.820  1  1    21.445    0.030
 
  pi=           1 J=           1
 
 phonon  E_i=   25.8013542259439     
 
p  1  1    -7.452  1  3    21.020    0.498
p  1  1    -7.452  1  1    25.128    0.016
n  1  1   -10.820  1  3    17.406    0.439
n  1  1   -10.820  1  1    21.445    0.014
 
 phonon  E_i=   28.5682772557940     
 
p  1  3   -17.065  1  3    21.020    0.044
p  1  1    -7.452  1  3    21.020    0.011
p  1  1    -7.452  1  1    25.128    0.458
n  1  3   -20.573  1  3    17.406    0.043
n  1  1   -10.820  1  1    21.445    0.421
 
 phonon  E_i=   29.1240664993287     
 
p  1  1    -7.452  1  3    21.020    0.446
p  1  1    -7.452  1  1    25.128    0.016
n  1  1   -10.820  1  3    17.406    0.504
n  1  1   -10.820  1  1    21.445    0.018
 
 phonon  E_i=   31.3706910741001     
 
p  1  1    -7.452  1  3    21.020    0.017
p  1  1    -7.452  1  1    25.128    0.451
n  1  1   -10.820  1  3    17.406    0.017
n  1  1   -10.820  1  1    21.445    0.486
 
 phonon  E_i=   36.7964423295602     
 
p  0  1   -37.033  0  1    10.114    0.022
p  1  3   -17.065  1  3    21.020    0.452
p  1  3   -17.065  1  1    25.128    0.037
p  1  3   -17.065  3  5    28.995    0.012
p  1  1    -7.452  1  1    25.128    0.036
n  0  1   -40.619  0  1     6.331    0.019
n  1  3   -20.573  1  3    17.406    0.322
n  1  3   -20.573  1  1    21.445    0.032
n  1  1   -10.820  1  1    21.445    0.042
 
 phonon  E_i=   39.1110830393702     
 
p  1  3   -17.065  1  3    21.020    0.414
p  1  3   -17.065  3  5    28.995    0.013
n  1  3   -20.573  1  3    17.406    0.531
n  1  3   -20.573  1  1    21.445    0.017
n  1  3   -20.573  3  5    25.563    0.013
 
 phonon  E_i=   40.8478570221245     
 
p  0  1   -37.033  0  1    10.114    0.041
p  1  3   -17.065  1  3    21.020    0.033
p  1  3   -17.065  1  1    25.128    0.452
p  1  3   -17.065  3  5    28.995    0.049
n  0  1   -40.619  0  1     6.331    0.028
n  1  3   -20.573  1  3    17.406    0.044
n  1  3   -20.573  1  1    21.445    0.310
n  1  3   -20.573  3  5    25.563    0.039
 
 phonon  E_i=   42.3596858995954     
 
p  0  1   -37.033  0  1    10.114    0.086
p  1  3   -17.065  1  1    25.128    0.338
n  0  1   -40.619  0  1     6.331    0.075
n  1  3   -20.573  1  1    21.445    0.460
n  1  3   -20.573  3  5    25.563    0.014
 
 phonon  E_i=   42.7804408630466     
 
p  0  1   -37.033  0  1    10.114    0.123
p  0  1   -37.033  2  3    15.290    0.015
p  1  3   -17.065  1  3    21.020    0.028
p  1  3   -17.065  3  5    28.995    0.404
n  0  1   -40.619  0  1     6.331    0.112
n  0  1   -40.619  2  3    11.675    0.012
n  1  3   -20.573  1  3    17.406    0.026
n  1  3   -20.573  3  5    25.563    0.259
 
 phonon  E_i=   45.1805550171869     
 
p  0  1   -37.033  0  1    10.114    0.103
p  1  3   -17.065  1  1    25.128    0.012
p  1  3   -17.065  3  5    28.995    0.279
n  0  1   -40.619  0  1     6.331    0.145
n  1  3   -20.573  1  1    21.445    0.015
n  1  3   -20.573  3  5    25.563    0.421
 
 phonon  E_i=   48.8119178962057     
 
p  0  1   -37.033  0  1    10.114    0.227
p  0  1   -37.033  2  3    15.290    0.385
p  1  3   -17.065  1  1    25.128    0.073
p  1  3   -17.065  3  5    28.995    0.142
n  0  1   -40.619  0  1     6.331    0.060
n  0  1   -40.619  2  3    11.675    0.057
n  1  3   -20.573  1  1    21.445    0.014
n  1  3   -20.573  3  5    25.563    0.030
 
 phonon  E_i=   49.3756610740091     
 
p  0  1   -37.033  0  1    10.114    0.016
p  0  1   -37.033  2  3    15.290    0.122
p  1  3   -17.065  1  1    25.128    0.012
p  1  3   -17.065  3  5    28.995    0.021
n  0  1   -40.619  0  1     6.331    0.172
n  0  1   -40.619  2  3    11.675    0.456
n  1  3   -20.573  1  1    21.445    0.069
n  1  3   -20.573  3  5    25.563    0.129
 
 phonon  E_i=   52.2774749275318     
 
p  0  1   -37.033  0  1    10.114    0.265
p  0  1   -37.033  2  3    15.290    0.236
p  1  3   -17.065  1  1    25.128    0.039
p  1  3   -17.065  3  5    28.995    0.041
p  1  1    -7.452  1  3    21.020    0.011
n  0  1   -40.619  0  1     6.331    0.206
n  0  1   -40.619  2  3    11.675    0.130
n  1  3   -20.573  1  1    21.445    0.031
n  1  3   -20.573  3  5    25.563    0.030
 
 phonon  E_i=   54.8788381479802     
 
p  0  1   -37.033  0  1    10.114    0.106
p  0  1   -37.033  2  3    15.290    0.228
p  1  3   -17.065  1  1    25.128    0.020
p  1  3   -17.065  3  5    28.995    0.033
n  0  1   -40.619  0  1     6.331    0.171
n  0  1   -40.619  2  3    11.675    0.330
n  1  3   -20.573  1  1    21.445    0.031
n  1  3   -20.573  3  5    25.563    0.051
 
  pi=           1 J=           2
 
 phonon  E_i=   24.8252950598861     
 
p  0  1   -37.033  2  5     2.838    0.025
p  1  3   -17.065  3  7    17.609    0.047
p  1  3   -17.065  1  3    21.020    0.015
p  1  3   -17.065  1  1    25.128    0.017
p  1  1    -7.452  1  3    21.020    0.402
n  0  1   -40.619  2  5    -0.863    0.024
n  1  3   -20.573  3  7    14.122    0.044
n  1  3   -20.573  1  3    17.406    0.015
n  1  3   -20.573  1  1    21.445    0.016
n  1  1   -10.820  1  3    17.406    0.360
 
 phonon  E_i=   25.9767136451823     
 
p  0  1   -37.033  2  5     2.838    0.027
p  0  1   -37.033  2  3    15.290    0.028
p  1  3   -17.065  3  7    17.609    0.196
p  1  3   -17.065  1  3    21.020    0.025
p  1  3   -17.065  3  5    28.995    0.033
p  1  1    -7.452  1  3    21.020    0.054
p  1  1    -7.452  3  5    28.995    0.138
n  0  1   -40.619  2  5    -0.863    0.026
n  0  1   -40.619  2  3    11.675    0.027
n  1  3   -20.573  3  7    14.122    0.185
n  1  3   -20.573  1  3    17.406    0.024
n  1  3   -20.573  3  5    25.563    0.032
n  1  1   -10.820  1  3    17.406    0.051
n  1  1   -10.820  3  5    25.563    0.134
 
 phonon  E_i=   28.4105716769787     
 
p  1  1    -7.452  1  3    21.020    0.474
n  1  1   -10.820  1  3    17.406    0.515
 
 phonon  E_i=   35.7601241490927     
 
p  0  1   -37.033  2  5     2.838    0.124
p  1  3   -17.065  3  7    17.609    0.413
p  1  1    -7.452  3  5    28.995    0.073
n  0  1   -40.619  2  5    -0.863    0.062
n  1  3   -20.573  3  7    14.122    0.276
n  1  1   -10.820  3  5    25.563    0.037
 
 phonon  E_i=   36.6604428976036     
 
p  0  1   -37.033  2  5     2.838    0.340
p  0  1   -37.033  2  3    15.290    0.042
p  1  3   -17.065  3  7    17.609    0.031
p  1  3   -17.065  3  5    28.995    0.023
p  1  1    -7.452  1  3    21.020    0.014
p  1  1    -7.452  3  5    28.995    0.087
n  0  1   -40.619  2  5    -0.863    0.323
n  0  1   -40.619  2  3    11.675    0.031
n  1  3   -20.573  3  7    14.122    0.051
n  1  3   -20.573  3  5    25.563    0.016
n  1  1   -10.820  1  3    17.406    0.013
n  1  1   -10.820  3  5    25.563    0.012
 
 phonon  E_i=   37.0972380794480     
 
p  1  3   -17.065  3  7    17.609    0.091
p  1  3   -17.065  1  3    21.020    0.136
p  1  1    -7.452  1  3    21.020    0.019
p  1  1    -7.452  3  5    28.995    0.256
n  0  1   -40.619  2  5    -0.863    0.029
n  1  3   -20.573  3  7    14.122    0.243
n  1  3   -20.573  1  3    17.406    0.095
n  1  1   -10.820  1  3    17.406    0.024
n  1  1   -10.820  3  5    25.563    0.093
 
 phonon  E_i=   37.4930036414614     
 
p  0  1   -37.033  2  5     2.838    0.016
p  1  3   -17.065  3  7    17.609    0.044
p  1  1    -7.452  3  5    28.995    0.278
n  0  1   -40.619  2  5    -0.863    0.053
n  0  1   -40.619  2  3    11.675    0.017
n  1  3   -20.573  3  7    14.122    0.012
n  1  3   -20.573  1  3    17.406    0.019
n  1  3   -20.573  3  5    25.563    0.011
n  1  1   -10.820  3  5    25.563    0.532
 
 phonon  E_i=   38.7966589924083     
 
p  1  3   -17.065  1  3    21.020    0.588
p  1  1    -7.452  3  5    28.995    0.015
n  1  3   -20.573  1  3    17.406    0.370
 
 phonon  E_i=   39.6124123866427     
 
p  1  3   -17.065  3  7    17.609    0.022
p  1  3   -17.065  1  3    21.020    0.205
p  1  1    -7.452  1  3    21.020    0.016
p  1  1    -7.452  3  5    28.995    0.112
n  1  3   -20.573  3  7    14.122    0.025
n  1  3   -20.573  1  3    17.406    0.448
n  1  1   -10.820  1  3    17.406    0.013
n  1  1   -10.820  3  5    25.563    0.150
 
 phonon  E_i=   42.4238100692119     
 
p  0  1   -37.033  2  5     2.838    0.013
p  1  3   -17.065  1  3    21.020    0.010
p  1  3   -17.065  1  1    25.128    0.574
p  1  1    -7.452  1  3    21.020    0.011
n  0  1   -40.619  2  5    -0.863    0.013
n  1  3   -20.573  1  3    17.406    0.021
n  1  3   -20.573  1  1    21.445    0.319
n  1  1   -10.820  1  3    17.406    0.012
 
 phonon  E_i=   43.2853412489645     
 
p  0  1   -37.033  2  5     2.838    0.021
p  1  3   -17.065  1  1    25.128    0.332
n  0  1   -40.619  2  5    -0.863    0.014
n  1  3   -20.573  1  1    21.445    0.580
 
 phonon  E_i=   44.6415981835475     
 
p  0  1   -37.033  2  5     2.838    0.329
p  0  1   -37.033  2  3    15.290    0.010
p  1  3   -17.065  3  7    17.609    0.106
p  1  3   -17.065  1  1    25.128    0.015
p  1  3   -17.065  3  5    28.995    0.019
n  0  1   -40.619  2  5    -0.863    0.344
n  1  3   -20.573  3  7    14.122    0.110
n  1  3   -20.573  1  1    21.445    0.027
n  1  3   -20.573  3  5    25.563    0.021
 
 phonon  E_i=   46.6519958244359     
 
p  0  1   -37.033  2  5     2.838    0.018
p  0  1   -37.033  2  3    15.290    0.054
p  1  3   -17.065  1  1    25.128    0.013
p  1  3   -17.065  3  5    28.995    0.647
n  0  1   -40.619  2  5    -0.863    0.011
n  1  3   -20.573  3  5    25.563    0.233
 
 phonon  E_i=   47.4166361405806     
 
p  0  1   -37.033  2  3    15.290    0.123
p  1  3   -17.065  3  5    28.995    0.137
n  0  1   -40.619  2  3    11.675    0.173
n  1  3   -20.573  1  1    21.445    0.010
n  1  3   -20.573  3  5    25.563    0.541
 
 phonon  E_i=   54.1061855868580     
 
p  0  1   -37.033  2  3    15.290    0.550
p  1  3   -17.065  3  5    28.995    0.035
p  1  1    -7.452  3  5    28.995    0.016
n  0  1   -40.619  2  3    11.675    0.355
n  1  1   -10.820  3  5    25.563    0.021
 
 phonon  E_i=   55.4946866384764     
 
p  0  1   -37.033  2  5     2.838    0.086
p  0  1   -37.033  2  3    15.290    0.165
p  1  3   -17.065  3  7    17.609    0.028
p  1  3   -17.065  3  5    28.995    0.085
n  0  1   -40.619  2  5    -0.863    0.087
n  0  1   -40.619  2  3    11.675    0.370
n  1  3   -20.573  3  7    14.122    0.030
n  1  3   -20.573  3  5    25.563    0.124
 
  pi=           1 J=           3
 
 phonon  E_i=   25.2054016080274     
 
p  0  1   -37.033  2  5     2.838    0.012
p  1  1    -7.452  3  7    17.609    0.618
p  1  1    -7.452  3  5    28.995    0.014
n  1  1   -10.820  3  7    14.122    0.326
n  1  1   -10.820  3  5    25.563    0.014
 
 phonon  E_i=   26.1391467392992     
 
p  1  1    -7.452  3  7    17.609    0.345
n  0  1   -40.619  2  5    -0.863    0.011
n  1  1   -10.820  3  7    14.122    0.634
 
 phonon  E_i=   33.5230971710827     
 
p  1  3   -17.065  3  7    17.609    0.597
p  1  3   -17.065  1  3    21.020    0.014
n  1  3   -20.573  3  7    14.122    0.336
n  1  1   -10.820  3  5    25.563    0.019
 
 phonon  E_i=   34.6231877254052     
 
p  1  3   -17.065  3  7    17.609    0.153
p  1  3   -17.065  1  3    21.020    0.096
p  1  1    -7.452  3  5    28.995    0.492
n  0  1   -40.619  2  5    -0.863    0.021
n  1  3   -20.573  3  7    14.122    0.206
 
 phonon  E_i=   34.9622707888181     
 
p  0  1   -37.033  2  5     2.838    0.067
p  1  3   -17.065  3  7    17.609    0.036
p  1  3   -17.065  1  3    21.020    0.020
p  1  1    -7.452  3  5    28.995    0.149
n  0  1   -40.619  2  5    -0.863    0.020
n  1  3   -20.573  3  7    14.122    0.187
n  1  3   -20.573  1  3    17.406    0.096
n  1  1   -10.820  3  5    25.563    0.417
 
 phonon  E_i=   35.6385753616858     
 
p  0  1   -37.033  2  5     2.838    0.018
p  1  3   -17.065  3  7    17.609    0.161
p  1  3   -17.065  1  3    21.020    0.016
p  1  1    -7.452  3  5    28.995    0.154
n  0  1   -40.619  2  5    -0.863    0.044
n  1  3   -20.573  3  7    14.122    0.208
n  1  3   -20.573  1  3    17.406    0.033
n  1  1   -10.820  3  5    25.563    0.365
 
 phonon  E_i=   38.0562691613876     
 
p  0  1   -37.033  2  5     2.838    0.022
p  1  3   -17.065  3  7    17.609    0.017
p  1  3   -17.065  1  3    21.020    0.758
p  1  3   -17.065  3  5    28.995    0.022
p  1  1    -7.452  3  5    28.995    0.141
n  1  3   -20.573  3  7    14.122    0.012
n  1  3   -20.573  1  3    17.406    0.018
 
 phonon  E_i=   38.4212376325936     
 
p  0  1   -37.033  2  5     2.838    0.022
p  1  3   -17.065  1  3    21.020    0.012
n  0  1   -40.619  2  5    -0.863    0.036
n  1  3   -20.573  3  7    14.122    0.011
n  1  3   -20.573  1  3    17.406    0.750
n  1  3   -20.573  3  5    25.563    0.020
n  1  1   -10.820  3  5    25.563    0.138
 
 phonon  E_i=   41.2888957338453     
 
p  0  1   -37.033  2  5     2.838    0.768
p  1  3   -17.065  3  7    17.609    0.015
p  1  3   -17.065  1  3    21.020    0.070
p  1  3   -17.065  3  5    28.995    0.031
p  1  1    -7.452  3  7    17.609    0.018
p  1  1    -7.452  3  5    28.995    0.013
n  0  1   -40.619  2  5    -0.863    0.023
n  1  3   -20.573  3  7    14.122    0.022
n  1  3   -20.573  1  3    17.406    0.016
n  1  3   -20.573  3  5    25.563    0.015
n  1  1   -10.820  3  5    25.563    0.010
 
 phonon  E_i=   41.7119685516407     
 
p  0  1   -37.033  2  5     2.838    0.043
p  1  1    -7.452  3  5    28.995    0.018
n  0  1   -40.619  2  5    -0.863    0.792
n  1  3   -20.573  1  3    17.406    0.055
n  1  3   -20.573  3  5    25.563    0.018
n  1  1   -10.820  3  7    14.122    0.023
n  1  1   -10.820  3  5    25.563    0.025
 
 phonon  E_i=   45.4483850598622     
 
p  1  3   -17.065  1  3    21.020    0.014
p  1  3   -17.065  3  5    28.995    0.589
n  1  3   -20.573  1  3    17.406    0.015
n  1  3   -20.573  3  5    25.563    0.369
 
 phonon  E_i=   47.4040979554653     
 
p  0  1   -37.033  2  5     2.838    0.032
p  1  3   -17.065  3  5    28.995    0.346
n  0  1   -40.619  2  5    -0.863    0.041
n  1  3   -20.573  3  5    25.563    0.571
 
  pi=           1 J=           4
 
 phonon  E_i=   23.9537390083564     
 
p  1  3   -17.065  3  5    28.995    0.013
p  1  1    -7.452  3  7    17.609    0.539
n  1  3   -20.573  3  5    25.563    0.013
n  1  1   -10.820  3  7    14.122    0.426
 
 phonon  E_i=   26.4714350410349     
 
p  1  1    -7.452  3  7    17.609    0.439
n  1  1   -10.820  3  7    14.122    0.550
 
 phonon  E_i=   34.5652095334755     
 
p  1  3   -17.065  3  7    17.609    0.661
p  1  3   -17.065  3  5    28.995    0.031
n  1  3   -20.573  3  7    14.122    0.256
n  1  3   -20.573  3  5    25.563    0.034
n  1  1   -10.820  3  7    14.122    0.012
 
 phonon  E_i=   35.4614965108865     
 
p  1  3   -17.065  3  7    17.609    0.290
n  1  3   -20.573  3  7    14.122    0.691
 
 phonon  E_i=   44.5544334313909     
 
p  1  3   -17.065  3  7    17.609    0.035
p  1  3   -17.065  3  5    28.995    0.549
n  1  3   -20.573  3  7    14.122    0.043
n  1  3   -20.573  3  5    25.563    0.356
 
 phonon  E_i=   46.8220161968613     
 
p  1  3   -17.065  3  5    28.995    0.400
n  1  3   -20.573  3  5    25.563    0.597
 
  pi=           1 J=           5
 
 phonon  E_i=   34.7991835957557     
 
p  1  3   -17.065  3  7    17.609    0.918
n  1  3   -20.573  3  7    14.122    0.082
 
 phonon  E_i=   35.3668897261331     
 
p  1  3   -17.065  3  7    17.609    0.082
n  1  3   -20.573  3  7    14.122    0.918
 
