  0.000000000000000E+000  7.582095843514051E-002
  2.400000000000000E-002  7.583743483950255E-002
  4.800000000000000E-002  7.588680386612578E-002
  7.199999999999999E-002  7.596888516174810E-002
  9.600000000000000E-002  7.608337882385623E-002
  0.120000000000000       7.622986642716494E-002
  0.144000000000000       7.640781245489082E-002
  0.168000000000000       7.661656612905617E-002
  0.192000000000000       7.685536363245821E-002
  0.216000000000000       7.712333071337588E-002
  0.240000000000000       7.741948566256200E-002
  0.264000000000000       7.774274265059662E-002
  0.288000000000000       7.809191541226150E-002
  0.312000000000000       7.846572126324051E-002
  0.336000000000000       7.886278543316813E-002
  0.360000000000000       7.928164569783759E-002
  0.384000000000000       7.972075729225205E-002
  0.408000000000000       8.017849808515884E-002
  0.432000000000000       8.065317399475243E-002
  0.456000000000000       8.114302462437388E-002
  0.480000000000000       8.164622909627135E-002
  0.504000000000000       8.216091206082517E-002
  0.528000000000000       8.268514985808444E-002
  0.552000000000000       8.321697680800537E-002
  0.576000000000000       8.375439160543964E-002
  0.600000000000000       8.429536379567604E-002
  0.624000000000000       8.483784030621133E-002
  0.648000000000000       8.537975201039848E-002
  0.672000000000000       8.591902029870235E-002
  0.696000000000000       8.645356363348092E-002
  0.720000000000000       8.698130406349704E-002
  0.744000000000000       8.750017367475933E-002
  0.768000000000000       8.800812095477625E-002
  0.792000000000000       8.850311704789152E-002
  0.816000000000000       8.898316188004229E-002
  0.840000000000000       8.944629013204136E-002
  0.864000000000000       8.989057704132646E-002
  0.888000000000000       9.031414401303728E-002
  0.912000000000000       9.071516402227381E-002
  0.936000000000000       9.109186679044246E-002
  0.960000000000000       9.144254371971536E-002
  0.984000000000000       9.176555257079759E-002
   1.00800000000000       9.205932187041513E-002
   1.03200000000000       9.232235503619630E-002
   1.05600000000000       9.255323420791402E-002
   1.08000000000000       9.275062377537775E-002
   1.10400000000000       9.291327359460955E-002
   1.12800000000000       9.304002188529600E-002
   1.15200000000000       9.312979780387629E-002
   1.17600000000000       9.318162368799528E-002
   1.20000000000000       9.319461696941364E-002
   1.22400000000000       9.316799175382209E-002
   1.24800000000000       9.310106006734067E-002
   1.27200000000000       9.299323277079823E-002
   1.29600000000000       9.284402014417011E-002
   1.32000000000000       9.265303214480250E-002
   1.34400000000000       9.241997834426147E-002
   1.36800000000000       9.214466754981011E-002
   1.39200000000000       9.182700711763496E-002
   1.41600000000000       9.146700196600535E-002
   1.44000000000000       9.106475329755738E-002
   1.46400000000000       9.062045704083885E-002
   1.48800000000000       9.013440202213552E-002
   1.51200000000000       8.960696787941479E-002
   1.53600000000000       8.903862273097081E-002
   1.56000000000000       8.842992061203223E-002
   1.58400000000000       8.778149869319977E-002
   1.60800000000000       8.709407429511189E-002
   1.63200000000000       8.636844171419605E-002
   1.65600000000000       8.560546887474688E-002
   1.68000000000000       8.480609382288269E-002
   1.70400000000000       8.397132107816792E-002
   1.72800000000000       8.310221785885248E-002
   1.75200000000000       8.219991019677095E-002
   1.77600000000000       8.126557895796513E-002
   1.80000000000000       8.030045578504696E-002
   1.82400000000000       7.930581897720369E-002
   1.84800000000000       7.828298932357100E-002
   1.87200000000000       7.723332590545828E-002
   1.89600000000000       7.615822188261326E-002
   1.92000000000000       7.505910027835823E-002
   1.94400000000000       7.393740977802514E-002
   1.96800000000000       7.279462055465910E-002
   1.99200000000000       7.163222013546075E-002
   2.01600000000000       7.045170932189433E-002
   2.04000000000000       6.925459817580733E-002
   2.06400000000000       6.804240208329233E-002
   2.08800000000000       6.681663790737666E-002
   2.11200000000000       6.557882023995330E-002
   2.13600000000000       6.433045776267111E-002
   2.16000000000000       6.307304972579138E-002
   2.18400000000000       6.180808255328799E-002
   2.20800000000000       6.053702658173037E-002
   2.23200000000000       5.926133293974323E-002
   2.25600000000000       5.798243057408639E-002
   2.28000000000000       5.670172342764972E-002
   2.30400000000000       5.542058777391102E-002
   2.32800000000000       5.414036971166677E-002
   2.35200000000000       5.286238282311485E-002
   2.37600000000000       5.158790599765247E-002
   2.40000000000000       5.031818142305151E-002
   2.42400000000000       4.905441274499009E-002
   2.44800000000000       4.779776339525765E-002
   2.47200000000000       4.654935508831120E-002
   2.49600000000000       4.531026648524636E-002
   2.52000000000000       4.408153202365876E-002
   2.54400000000000       4.286414091131331E-002
   2.56800000000000       4.165903628100832E-002
   2.59200000000000       4.046711450352429E-002
   2.61600000000000       3.928922465508106E-002
   2.64000000000000       3.812616813529308E-002
   2.66400000000000       3.697869843121482E-002
   2.68800000000000       3.584752102270052E-002
   2.71200000000000       3.473329342397407E-002
   2.73600000000000       3.363662535600555E-002
   2.76000000000000       3.255807904403020E-002
   2.78400000000000       3.149816963431600E-002
   2.80800000000000       3.045736572409247E-002
   2.83200000000000       2.943608999838965E-002
   2.85600000000000       2.843471996740888E-002
   2.88000000000000       2.745358879794713E-002
   2.90400000000000       2.649298623233116E-002
   2.92800000000000       2.555315958827830E-002
   2.95200000000000       2.463431483309264E-002
   2.97600000000000       2.373661772562219E-002
   3.00000000000000       2.286019501944718E-002
   3.02400000000000       2.200513572083673E-002
   3.04800000000000       2.117149239510308E-002
   3.07200000000000       2.035928251509527E-002
   3.09600000000000       1.956848984570623E-002
   3.12000000000000       1.879906585841968E-002
   3.14400000000000       1.805093117009030E-002
   3.16800000000000       1.732397700033575E-002
   3.19200000000000       1.661806664211506E-002
   3.21600000000000       1.593303694027934E-002
   3.24000000000000       1.526869977310008E-002
   3.26400000000000       1.462484353201123E-002
   3.28800000000000       1.400123459503787E-002
   3.31200000000000       1.339761878962948E-002
   3.33600000000000       1.281372284086339E-002
   3.36000000000000       1.224925580123766E-002
   3.38400000000000       1.170391045852665E-002
   3.40800000000000       1.117736471842890E-002
   3.43200000000000       1.066928295899205E-002
   3.45600000000000       1.017931735405472E-002
   3.48000000000000       9.707109163196455E-003
   3.50400000000000       9.252289985936661E-003
   3.52800000000000       8.814482978167027E-003
   3.55200000000000       8.393304029042445E-003
   3.57600000000000       7.988362896788214E-003
   3.60000000000000       7.599264302109220E-003
   3.62400000000000       7.225608978106074E-003
   3.64800000000000       6.866994675816000E-003
   3.67200000000000       6.523017124699554E-003
   3.69600000000000       6.193270947590243E-003
   3.72000000000000       5.877350529809585E-003
   3.74400000000000       5.574850842327807E-003
   3.76800000000000       5.285368219016890E-003
   3.79200000000000       5.008501088200966E-003
   3.81600000000000       4.743850658856229E-003
   3.84000000000000       4.491021561950383E-003
   3.86400000000000       4.249622447539637E-003
   3.88800000000000       4.019266538358712E-003
   3.91200000000000       3.799572140747740E-003
   3.93600000000000       3.590163113857748E-003
   3.96000000000000       3.390669298165662E-003
   3.98400000000000       3.200726904408512E-003
   4.00800000000000       3.019978864117210E-003
   4.03200000000000       2.848075142991218E-003
   4.05600000000000       2.684673018408343E-003
   4.08000000000000       2.529437322408127E-003
   4.10400000000000       2.382040651523932E-003
   4.12800000000000       2.242163544867350E-003
   4.15200000000000       2.109494631890452E-003
   4.17600000000000       1.983730751265672E-003
   4.20000000000000       1.864577042331597E-003
   4.22400000000000       1.751747010554597E-003
   4.24800000000000       1.644962568452797E-003
   4.27200000000000       1.543954053419495E-003
   4.29600000000000       1.448460223869334E-003
   4.32000000000000       1.358228235111640E-003
   4.34400000000000       1.273013596332757E-003
   4.36800000000000       1.192580110042331E-003
   4.39200000000000       1.116699795308608E-003
   4.41600000000000       1.045152796074484E-003
   4.44000000000000       9.777272758102603E-004
   4.46400000000000       9.142192997206744E-004
   4.48800000000000       8.544327056835204E-004
   4.51200000000000       7.981789650549492E-004
   4.53600000000000       7.452770344331337E-004
   4.56000000000000       6.955531994271518E-004
   4.58400000000000       6.488409114324264E-004
   4.60800000000000       6.049806183677934E-004
   4.63200000000000       5.638195902826948E-004
   4.65600000000000       5.252117406961673E-004
   4.68000000000000       4.890174444826359E-004
   4.70400000000000       4.551033530729715E-004
   4.72800000000000       4.233422076932693E-004
   4.75200000000000       3.936126513182986E-004
   4.77600000000000       3.657990399718695E-004
   4.80000000000000       3.397912539624689E-004
   4.82400000000000       3.154845095997188E-004
   4.84800000000000       2.927791718953649E-004
   4.87200000000000       2.715805687120392E-004
   4.89600000000000       2.517988067836702E-004
   4.92000000000000       2.333485899935556E-004
   4.94400000000000       2.161490402595257E-004
   4.96800000000000       2.001235213406059E-004
   4.99200000000000       1.851994658459621E-004
   5.01600000000000       1.713082056948866E-004
   5.04000000000000       1.583848062460194E-004
   5.06400000000000       1.463679042850469E-004
   5.08800000000000       1.351995500326551E-004
   5.11200000000000       1.248250533086369E-004
   5.13600000000000       1.151928339636632E-004
   5.16000000000000       1.062542766673846E-004
   5.18400000000000       9.796359012012742E-005
   5.20800000000000       9.027767073554937E-005
   5.23200000000000       8.315597082309364E-005
   5.25600000000000       7.656037128198401E-005
   5.28000000000000       7.045505880271037E-005
   5.30400000000000       6.480640755749172E-005
   5.32800000000000       5.958286534797391E-005
   5.35200000000000       5.475484416641127E-005
   5.37600000000000       5.029461511571310E-005
   5.40000000000000       4.617620762399047E-005
   5.42400000000000       4.237531288052951E-005
   5.44800000000000       3.886919141242628E-005
   5.47200000000000       3.563658471435907E-005
   5.49600000000000       3.265763083812959E-005
   5.52000000000000       2.991378384358689E-005
   5.54400000000000       2.738773700833948E-005
   5.56800000000000       2.506334969018421E-005
   5.59200000000000       2.292557773340040E-005
   5.61600000000000       2.096040730792639E-005
   5.64000000000000       1.915479206889283E-005
   5.66400000000000       1.749659352300464E-005
   5.68800000000000       1.597452448778025E-005
   5.71200000000000       1.457809552964485E-005
   5.73600000000000       1.329756426727924E-005
   5.76000000000000       1.212388742741974E-005
   5.78400000000000       1.104867554144038E-005
   5.80800000000000       1.006415017249867E-005
   5.83200000000000       9.163103564748669E-006
   5.85600000000000       8.338860608095557E-006
   5.88000000000000       7.585243014146839E-006
   5.90400000000000       6.896535601384144E-006
   5.92800000000000       6.267454590104839E-006
   5.95200000000000       5.693117810343304E-006
   5.97600000000000       5.169016728750141E-006
   6.00000000000000       4.690990203267128E-006
 Int rho =    7.99948471911995     
