  0.000000000000000E+000  7.389434030758504E-002
  2.400000000000000E-002  7.390998235856662E-002
  4.800000000000000E-002  7.395685252301748E-002
  7.199999999999999E-002  7.403478302275732E-002
  9.600000000000000E-002  7.414349485108825E-002
  0.120000000000000       7.428259870562350E-002
  0.144000000000000       7.445159628911149E-002
  0.168000000000000       7.464988197314666E-002
  0.192000000000000       7.487674481824015E-002
  0.216000000000000       7.513137094233516E-002
  0.240000000000000       7.541284622849925E-002
  0.264000000000000       7.572015936121683E-002
  0.288000000000000       7.605220517944464E-002
  0.312000000000000       7.640778833338684E-002
  0.336000000000000       7.678562723079942E-002
  0.360000000000000       7.718435825755338E-002
  0.384000000000000       7.760254025617284E-002
  0.408000000000000       7.803865924512741E-002
  0.432000000000000       7.849113336079835E-002
  0.456000000000000       7.895831800325862E-002
  0.480000000000000       7.943851116631462E-002
  0.504000000000000       7.992995893165064E-002
  0.528000000000000       8.043086110640020E-002
  0.552000000000000       8.093937698304372E-002
  0.576000000000000       8.145363120019994E-002
  0.600000000000000       8.197171968263857E-002
  0.624000000000000       8.249171563869835E-002
  0.648000000000000       8.301167559324281E-002
  0.672000000000000       8.352964543432882E-002
  0.696000000000000       8.404366645189806E-002
  0.720000000000000       8.455178134702646E-002
  0.744000000000000       8.505204019058213E-002
  0.768000000000000       8.554250631054269E-002
  0.792000000000000       8.602126208770776E-002
  0.816000000000000       8.648641464010960E-002
  0.840000000000000       8.693610137706548E-002
  0.864000000000000       8.736849540453373E-002
  0.888000000000000       8.778181076422006E-002
  0.912000000000000       8.817430748973130E-002
  0.936000000000000       8.854429646398444E-002
  0.960000000000000       8.889014406304381E-002
  0.984000000000000       8.921027657257580E-002
   1.00800000000000       8.950318436416947E-002
   1.03200000000000       8.976742581987210E-002
   1.05600000000000       9.000163099442053E-002
   1.08000000000000       9.020450500581036E-002
   1.10400000000000       9.037483114602822E-002
   1.12800000000000       9.051147370497085E-002
   1.15200000000000       9.061338050178563E-002
   1.17600000000000       9.067958511908113E-002
   1.20000000000000       9.070920883667105E-002
   1.22400000000000       9.070146226272265E-002
   1.24800000000000       9.065564666137679E-002
   1.27200000000000       9.057115497708665E-002
   1.29600000000000       9.044747255707906E-002
   1.32000000000000       9.028417757447339E-002
   1.34400000000000       9.008094115569200E-002
   1.36800000000000       8.983752721685904E-002
   1.39200000000000       8.955379201490843E-002
   1.41600000000000       8.922968342010004E-002
   1.44000000000000       8.886523991757643E-002
   1.46400000000000       8.846058934647161E-002
   1.48800000000000       8.801594738591277E-002
   1.51200000000000       8.753161579802587E-002
   1.53600000000000       8.700798043876884E-002
   1.56000000000000       8.644550904806809E-002
   1.58400000000000       8.584474883132508E-002
   1.60800000000000       8.520632384488434E-002
   1.63200000000000       8.453093219851904E-002
   1.65600000000000       8.381934308838458E-002
   1.68000000000000       8.307239367422725E-002
   1.70400000000000       8.229098581489745E-002
   1.72800000000000       8.147608267642319E-002
   1.75200000000000       8.062870522703654E-002
   1.77600000000000       7.974992863362124E-002
   1.80000000000000       7.884087857406444E-002
   1.82400000000000       7.790272747994768E-002
   1.84800000000000       7.693669072391010E-002
   1.87200000000000       7.594402276585221E-002
   1.89600000000000       7.492601327193681E-002
   1.92000000000000       7.388398322007463E-002
   1.94400000000000       7.281928100526747E-002
   1.96800000000000       7.173327855781877E-002
   1.99200000000000       7.062736748701685E-002
   2.01600000000000       6.950295526245011E-002
   2.04000000000000       6.836146144463084E-002
   2.06400000000000       6.720431397608807E-002
   2.08800000000000       6.603294554354262E-002
   2.11200000000000       6.484879002120439E-002
   2.13600000000000       6.365327900463272E-002
   2.16000000000000       6.244783844398485E-002
   2.18400000000000       6.123388538484081E-002
   2.20800000000000       6.001282482414520E-002
   2.23200000000000       5.878604668814906E-002
   2.25600000000000       5.755492293856749E-002
   2.28000000000000       5.632080481250153E-002
   2.30400000000000       5.508502020100109E-002
   2.32800000000000       5.384887117048048E-002
   2.35200000000000       5.261363163053381E-002
   2.37600000000000       5.138054515104493E-002
   2.40000000000000       5.015082293084273E-002
   2.42400000000000       4.892564191952195E-002
   2.44800000000000       4.770614309343518E-002
   2.47200000000000       4.649342988626487E-002
   2.49600000000000       4.528856677400611E-002
   2.52000000000000       4.409257801363527E-002
   2.54400000000000       4.290644653420672E-002
   2.56800000000000       4.173111297861205E-002
   2.59200000000000       4.056747489375314E-002
   2.61600000000000       3.941638606642708E-002
   2.64000000000000       3.827865600179175E-002
   2.66400000000000       3.715504954088571E-002
   2.68800000000000       3.604628661330454E-002
   2.71200000000000       3.495304212080034E-002
   2.73600000000000       3.387594594726034E-002
   2.76000000000000       3.281558309024486E-002
   2.78400000000000       3.177249390901603E-002
   2.80800000000000       3.074717448377342E-002
   2.83200000000000       2.974007708062335E-002
   2.85600000000000       2.875161071665391E-002
   2.88000000000000       2.778214181935680E-002
   2.90400000000000       2.683199497453895E-002
   2.92800000000000       2.590145375679284E-002
   2.95200000000000       2.499076163654984E-002
   2.97600000000000       2.410012295771982E-002
   3.00000000000000       2.322970397992583E-002
   3.02400000000000       2.237963397937006E-002
   3.04800000000000       2.155000640241855E-002
   3.07200000000000       2.074088006606400E-002
   3.09600000000000       1.995228039951709E-002
   3.12000000000000       1.918420072128846E-002
   3.14400000000000       1.843660354624968E-002
   3.16800000000000       1.770942191730667E-002
   3.19200000000000       1.700256075647581E-002
   3.21600000000000       1.631589823032558E-002
   3.24000000000000       1.564928712492891E-002
   3.26400000000000       1.500255622566539E-002
   3.28800000000000       1.437551169741528E-002
   3.31200000000000       1.376793846089767E-002
   3.33600000000000       1.317960156112196E-002
   3.36000000000000       1.261024752414465E-002
   3.38400000000000       1.205960569854891E-002
   3.40800000000000       1.152738957829423E-002
   3.43200000000000       1.101329810381343E-002
   3.45600000000000       1.051701693846648E-002
   3.48000000000000       1.003821971769073E-002
   3.50400000000000       9.576569268417347E-003
   3.52800000000000       9.131718796550429E-003
   3.55200000000000       8.703313040529754E-003
   3.57600000000000       8.290989389217686E-003
   3.60000000000000       7.894378962566593E-003
   3.62400000000000       7.513107653732546E-003
   3.64800000000000       7.146797131505470E-003
   3.67200000000000       6.795065802122759E-003
   3.69600000000000       6.457529729724221E-003
   3.72000000000000       6.133803514888408E-003
   3.74400000000000       5.823501130865988E-003
   3.76800000000000       5.526236717291882E-003
   3.79200000000000       5.241625331316889E-003
   3.81600000000000       4.969283656248746E-003
   3.84000000000000       4.708830667933611E-003
   3.86400000000000       4.459888259241152E-003
   3.88800000000000       4.222081823139117E-003
   3.91200000000000       3.995040794957800E-003
   3.93600000000000       3.778399154549517E-003
   3.96000000000000       3.571795889145080E-003
   3.98400000000000       3.374875417796287E-003
   4.00800000000000       3.187287978372906E-003
   4.03200000000000       3.008689978152879E-003
   4.05600000000000       2.838744309107021E-003
   4.08000000000000       2.677120629033713E-003
   4.10400000000000       2.523495609745893E-003
   4.12800000000000       2.377553153551601E-003
   4.15200000000000       2.238984579301637E-003
   4.17600000000000       2.107488779302730E-003
   4.20000000000000       1.982772348413572E-003
   4.22400000000000       1.864549686653154E-003
   4.24800000000000       1.752543076657745E-003
   4.27200000000000       1.646482737323535E-003
   4.29600000000000       1.546106854968157E-003
   4.32000000000000       1.451161593335035E-003
   4.34400000000000       1.361401083751355E-003
   4.36800000000000       1.276587396732629E-003
   4.39200000000000       1.196490496305716E-003
   4.41600000000000       1.120888178297210E-003
   4.44000000000000       1.049565993806307E-003
   4.46400000000000       9.823171590505535E-004
   4.48800000000000       9.189424527397694E-004
   4.51200000000000       8.592501020980554E-004
   4.53600000000000       8.030556586167556E-004
   4.56000000000000       7.501818645823663E-004
   4.58400000000000       7.004585113833974E-004
   4.60800000000000       6.537222905590530E-004
   4.63200000000000       6.098166385107067E-004
   4.65600000000000       5.685915757546076E-004
   4.68000000000000       5.299035415514893E-004
   4.70400000000000       4.936152247056813E-004
   4.72800000000000       4.595953912834536E-004
   4.75200000000000       4.277187099575415E-004
   4.77600000000000       3.978655756425106E-004
   4.80000000000000       3.699219320437627E-004
   4.82400000000000       3.437790937019298E-004
   4.84800000000000       3.193335680739674E-004
   4.87200000000000       2.964868781529398E-004
   4.89600000000000       2.751453860899722E-004
   4.92000000000000       2.552201182445873E-004
   4.94400000000000       2.366265920534235E-004
   4.96800000000000       2.192846450724542E-004
   4.99200000000000       2.031182665141337E-004
   5.01600000000000       1.880554315686220E-004
   5.04000000000000       1.740279387672545E-004
   5.06400000000000       1.609712506168857E-004
   5.08800000000000       1.488243377055591E-004
   5.11200000000000       1.375295264532313E-004
   5.13600000000000       1.270323506559345E-004
   5.16000000000000       1.172814069478771E-004
   5.18400000000000       1.082282142834383E-004
   5.20800000000000       9.982707751992528E-005
   5.23200000000000       9.203495516216948E-005
   5.25600000000000       8.481133131164329E-005
   5.28000000000000       7.811809184564555E-005
   5.30400000000000       7.191940483627964E-005
   5.32800000000000       6.618160520433559E-005
   5.35200000000000       6.087308358979544E-005
   5.37600000000000       5.596417940842333E-005
   5.40000000000000       5.142707805277826E-005
   5.42400000000000       4.723571218591213E-005
   5.44800000000000       4.336566706697860E-005
   5.47200000000000       3.979408983989849E-005
   5.49600000000000       3.649960270909221E-005
   5.52000000000000       3.346221992001358E-005
   5.54400000000000       3.066326845679169E-005
   5.56800000000000       2.808531236462948E-005
   5.59200000000000       2.571208060068996E-005
   5.61600000000000       2.352839831397648E-005
   5.64000000000000       2.152012145212344E-005
   5.66400000000000       1.967407459103142E-005
   5.68800000000000       1.797799188184561E-005
   5.71200000000000       1.642046100886126E-005
   5.73600000000000       1.499087005149026E-005
   5.76000000000000       1.367935714341030E-005
   5.78400000000000       1.247676282239629E-005
   5.80800000000000       1.137458496507310E-005
   5.83200000000000       1.036493620188714E-005
   5.85600000000000       9.440503708946704E-006
   5.88000000000000       8.594511274988183E-006
   5.90400000000000       7.820683543563114E-006
   5.92800000000000       7.113212332577673E-006
   5.95200000000000       6.466724935527900E-006
   5.97600000000000       5.876254311132123E-006
   6.00000000000000       5.337211070548362E-006
 Int rho =    7.99940877048511     
