  0.000000000000000E+000  0.149715298742726     
  2.400000000000000E-002  0.149747417198069     
  4.800000000000000E-002  0.149843656389143     
  7.199999999999999E-002  0.150003668184505     
  9.600000000000000E-002  0.150226873674944     
  0.120000000000000       0.150512465132788     
  0.144000000000000       0.150859408744002     
  0.168000000000000       0.151266448102203     
  0.192000000000000       0.151732108450698     
  0.216000000000000       0.152254701655711     
  0.240000000000000       0.152832331891061     
  0.264000000000000       0.153462902011813     
  0.288000000000000       0.154144120591706     
  0.312000000000000       0.154873509596627     
  0.336000000000000       0.155648412663968     
  0.360000000000000       0.156466003955391     
  0.384000000000000       0.157323297548425     
  0.408000000000000       0.158217157330286     
  0.432000000000000       0.159144307355551     
  0.456000000000000       0.160101342627633     
  0.480000000000000       0.161084740262586     
  0.504000000000000       0.162090870992476     
  0.528000000000000       0.163116010964485     
  0.552000000000000       0.164156353791049     
  0.576000000000000       0.165208022805640     
  0.600000000000000       0.166267083478315     
  0.624000000000000       0.167329555944910     
  0.648000000000000       0.168391427603641     
  0.672000000000000       0.169448665733031     
  0.696000000000000       0.170497230085379     
  0.720000000000000       0.171533085410523     
  0.744000000000000       0.172552213865341     
  0.768000000000000       0.173550627265319     
  0.792000000000000       0.174524379135599     
  0.816000000000000       0.175469576520152     
  0.840000000000000       0.176382391509107     
  0.864000000000000       0.177259072445860     
  0.888000000000000       0.178095954777257     
  0.912000000000000       0.178889471512005     
  0.936000000000000       0.179636163254427     
  0.960000000000000       0.180332687782759     
  0.984000000000000       0.180975829143373     
   1.00800000000000       0.181562506234585     
   1.03200000000000       0.182089780856068     
   1.05600000000000       0.182554865202335     
   1.08000000000000       0.182955128781188     
   1.10400000000000       0.183288104740638     
   1.12800000000000       0.183551495590267     
   1.15200000000000       0.183743178305662     
   1.17600000000000       0.183861208807076     
   1.20000000000000       0.183903825806085     
   1.22400000000000       0.183869454016545     
   1.24800000000000       0.183756706728717     
   1.27200000000000       0.183564387747885     
   1.29600000000000       0.183291492701249     
   1.32000000000000       0.182937209719276     
   1.34400000000000       0.182500919499953     
   1.36800000000000       0.181982194766669     
   1.39200000000000       0.181380799132543     
   1.41600000000000       0.180696685386105     
   1.44000000000000       0.179929993215134     
   1.46400000000000       0.179081046387310     
   1.48800000000000       0.178150349408048     
   1.51200000000000       0.177138583677441     
   1.53600000000000       0.176046603169740     
   1.56000000000000       0.174875429660100     
   1.58400000000000       0.173626247524525     
   1.60800000000000       0.172300398139996     
   1.63200000000000       0.170899373912715     
   1.65600000000000       0.169424811963131     
   1.68000000000000       0.167878487497110     
   1.70400000000000       0.166262306893065     
   1.72800000000000       0.164578300535276     
   1.75200000000000       0.162828615423807     
   1.77600000000000       0.161015507591586     
   1.80000000000000       0.159141334359111     
   1.82400000000000       0.157208546457151     
   1.84800000000000       0.155219680047481     
   1.87200000000000       0.153177348671310     
   1.89600000000000       0.151084235154550     
   1.92000000000000       0.148943083498433     
   1.94400000000000       0.146756690783293     
   1.96800000000000       0.144527899112478     
   1.99200000000000       0.142259587622478     
   2.01600000000000       0.139954664584344     
   2.04000000000000       0.137616059620438     
   2.06400000000000       0.135246716059380     
   2.08800000000000       0.132849583450919     
   2.11200000000000       0.130427610261158     
   2.13600000000000       0.127983736767304     
   2.16000000000000       0.125520888169776     
   2.18400000000000       0.123041967938129     
   2.20800000000000       0.120549851405876     
   2.23200000000000       0.118047379627892     
   2.25600000000000       0.115537353512654     
   2.28000000000000       0.113022528240151     
   2.30400000000000       0.110505607974912     
   2.32800000000000       0.107989240882147     
   2.35200000000000       0.105476014453649     
   2.37600000000000       0.102968451148697     
   2.40000000000000       0.100469004353894     
   2.42400000000000       9.798005466451203E-002
   2.44800000000000       9.550390648869284E-002
   2.47200000000000       9.304278497457606E-002
   2.49600000000000       9.059883325925247E-002
   2.52000000000000       8.817411003729402E-002
   2.54400000000000       8.577058744552003E-002
   2.56800000000000       8.339014925962039E-002
   2.59200000000000       8.103458939727742E-002
   2.61600000000000       7.870561072150814E-002
   2.64000000000000       7.640482413708483E-002
   2.66400000000000       7.413374797210052E-002
   2.68800000000000       7.189380763600504E-002
   2.71200000000000       6.968633554477441E-002
   2.73600000000000       6.751257130326589E-002
   2.76000000000000       6.537366213427505E-002
   2.78400000000000       6.327066354333202E-002
   2.80800000000000       6.120454020786588E-002
   2.83200000000000       5.917616707901299E-002
   2.85600000000000       5.718633068406278E-002
   2.88000000000000       5.523573061730394E-002
   2.90400000000000       5.332498120687011E-002
   2.92800000000000       5.145461334507114E-002
   2.95200000000000       4.962507646964248E-002
   2.97600000000000       4.783674068334200E-002
   3.00000000000000       4.608989899937301E-002
   3.02400000000000       4.438476970020679E-002
   3.04800000000000       4.272149879752163E-002
   3.07200000000000       4.110016258115926E-002
   3.09600000000000       3.952077024522332E-002
   3.12000000000000       3.798326657970814E-002
   3.14400000000000       3.648753471633998E-002
   3.16800000000000       3.503339891764242E-002
   3.19200000000000       3.362062739859087E-002
   3.21600000000000       3.224893517060492E-002
   3.24000000000000       3.091798689802899E-002
   3.26400000000000       2.962739975767661E-002
   3.28800000000000       2.837674629245315E-002
   3.31200000000000       2.716555725052716E-002
   3.33600000000000       2.599332440198535E-002
   3.36000000000000       2.485950332538232E-002
   3.38400000000000       2.376351615707556E-002
   3.40800000000000       2.270475429672313E-002
   3.43200000000000       2.168258106280548E-002
   3.45600000000000       2.069633429252120E-002
   3.48000000000000       1.974532888088719E-002
   3.50400000000000       1.882885925435401E-002
   3.52800000000000       1.794620177471746E-002
   3.55200000000000       1.709661706957220E-002
   3.57600000000000       1.627935228600590E-002
   3.60000000000000       1.549364326467581E-002
   3.62400000000000       1.473871663183862E-002
   3.64800000000000       1.401379180732147E-002
   3.67200000000000       1.331808292682231E-002
   3.69600000000000       1.265080067731446E-002
   3.72000000000000       1.201115404469799E-002
   3.74400000000000       1.139835197319380E-002
   3.76800000000000       1.081160493630877E-002
   3.79200000000000       1.025012641951785E-002
   3.81600000000000       9.713134315104975E-003
   3.84000000000000       9.199852229883993E-003
   3.86400000000000       8.709510706780789E-003
   3.88800000000000       8.241348361497829E-003
   3.91200000000000       7.794612935705540E-003
   3.93600000000000       7.368562268407265E-003
   3.96000000000000       6.962465187310741E-003
   3.98400000000000       6.575602322204798E-003
   4.00800000000000       6.207266842490116E-003
   4.03200000000000       5.856765121144096E-003
   4.05600000000000       5.523417327515365E-003
   4.08000000000000       5.206557951441840E-003
   4.10400000000000       4.905536261269825E-003
   4.12800000000000       4.619716698418951E-003
   4.15200000000000       4.348479211192089E-003
   4.17600000000000       4.091219530568402E-003
   4.20000000000000       3.847349390745169E-003
   4.22400000000000       3.616296697207750E-003
   4.24800000000000       3.397505645110541E-003
   4.27200000000000       3.190436790743030E-003
   4.29600000000000       2.994567078837491E-003
   4.32000000000000       2.809389828446674E-003
   4.34400000000000       2.634414680084113E-003
   4.36800000000000       2.469167506774960E-003
   4.39200000000000       2.313190291614324E-003
   4.41600000000000       2.166040974371695E-003
   4.44000000000000       2.027293269616567E-003
   4.46400000000000       1.896536458771228E-003
   4.48800000000000       1.773375158423290E-003
   4.51200000000000       1.657429067153005E-003
   4.53600000000000       1.548332693049890E-003
   4.56000000000000       1.445735064009518E-003
   4.58400000000000       1.349299422815824E-003
   4.60800000000000       1.258702908926847E-003
   4.63200000000000       1.173636228793402E-003
   4.65600000000000       1.093803316450775E-003
   4.68000000000000       1.018920986034125E-003
   4.70400000000000       9.487185777786528E-004
   4.72800000000000       8.829375989767229E-004
   4.75200000000000       8.213313612758402E-004
   4.77600000000000       7.636646156143802E-004
   4.80000000000000       7.097131860062316E-004
   4.82400000000000       6.592636033016486E-004
   4.84800000000000       6.121127399693323E-004
   4.87200000000000       5.680674468649791E-004
   4.89600000000000       5.269441928736424E-004
   4.92000000000000       4.885687082381428E-004
   4.94400000000000       4.527756323129492E-004
   4.96800000000000       4.194081664130601E-004
   4.99200000000000       3.883177323600957E-004
   5.01600000000000       3.593636372635086E-004
   5.04000000000000       3.324127450132739E-004
   5.06400000000000       3.073391549019326E-004
   5.08800000000000       2.840238877382142E-004
   5.11200000000000       2.623545797618682E-004
   5.13600000000000       2.422251846195977E-004
   5.16000000000000       2.235356836152616E-004
   5.18400000000000       2.061918044035657E-004
   5.20800000000000       1.901047482554746E-004
   5.23200000000000       1.751909259852631E-004
   5.25600000000000       1.613717025936273E-004
   5.28000000000000       1.485731506483559E-004
   5.30400000000000       1.367258123937713E-004
   5.32800000000000       1.257644705523095E-004
   5.35200000000000       1.156279277562067E-004
   5.37600000000000       1.062587945241364E-004
   5.40000000000000       9.760328567676872E-005
   5.42400000000000       8.961102506644165E-005
   5.44800000000000       8.223485847940487E-005
   5.47200000000000       7.543067455425757E-005
   5.49600000000000       6.915723354722179E-005
   5.52000000000000       6.337600376360047E-005
   5.54400000000000       5.805100546513118E-005
   5.56800000000000       5.314866205481370E-005
   5.59200000000000       4.863765833409036E-005
   5.61600000000000       4.448880562190287E-005
   5.64000000000000       4.067491352101628E-005
   5.66400000000000       3.717066811403605E-005
   5.68800000000000       3.395251636962586E-005
   5.71200000000000       3.099855653850612E-005
   5.73600000000000       2.828843431876950E-005
   5.76000000000000       2.580324457083004E-005
   5.78400000000000       2.352543836383668E-005
   5.80800000000000       2.143873513757177E-005
   5.83200000000000       1.952803976663581E-005
   5.85600000000000       1.777936431704226E-005
   5.88000000000000       1.617975428913502E-005
   5.90400000000000       1.471721914494726E-005
   5.92800000000000       1.338066692268251E-005
   5.95200000000000       1.215984274587120E-005
   5.97600000000000       1.104527103988226E-005
   6.00000000000000       1.002820127381549E-005
 Int rho =    15.9988934896050     
