  Single particle spectrum
  ----------------------------------------------
       neutrons             protons 
   i   l  2j  e [MeV]        l  2j  e [MeV] 
   1   0   1 -40.61880      0   1 -37.03314
   2   1   3 -20.57341      1   3 -17.06516
   3   1   1 -10.81972      1   1  -7.45237
   4   2   5  -0.86252      2   5   2.83823
   5   0   1   6.33061      0   1  10.11446
   6   2   3  11.67460      2   3  15.28981
   7   3   7  14.12191      3   7  17.60939
   8   1   3  17.40602      1   3  21.01990
   9   1   1  21.44478      1   1  25.12829
  10   3   5  25.56256      3   5  28.99466
  ----------------------------------------------
 E_HF=  -67.9461251091503       MeV
 E^(2)=  -29.2205416979768       MeV
 E_tot=  -97.1666668071271       MeV
  ----------------------------------------------
 r =   2.51374962053067      fm
 r_p=   2.52413484141039      fm
 r_n=   2.50332141993234      fm
