 
  pi=          -1 J=           0
   11.3324435430867        16.7563172925757        26.2159028487899     
   31.6737875570971        57.3350059558204        58.4266337174000     
  pi=          -1 J=           1
  0.374440704758204        12.8475161887622        16.9886622531114     
   22.8966955667760        23.8507918388598        26.4977235717784     
   29.2287119376035        29.7032849603837        34.9334418142249     
   36.5177234246718        52.0647104958264        61.1176275272887     
   63.4376699473064        64.2128021152255     
  pi=          -1 J=           2
   10.1579780358942        12.1683840531225        18.4449703584523     
   20.5931011001830        21.3558903486045        21.8107875642154     
   26.8424227709990        28.1292988078650        31.8779163466829     
   33.4359711496397        58.2091215643317        58.6933006621980     
   65.2318104890184        66.6033320872130     
  pi=          -1 J=           3
   7.46314451839210        11.9722946601374        19.3714147035517     
   21.0689978153851        30.2120137017921        34.0181595689948     
   54.0202234268939        56.1687025840663        65.9759386238106     
   66.5216142714263     
  pi=          -1 J=           4
   20.3114661893633        20.7333049014510        54.8445205184207     
   55.4739146633546     
  pi=           1 J=           0
   26.9555428322549        31.1747762640969        33.0236393259691     
   40.4554310686776        45.4367610503966        53.3294977458030     
  pi=           1 J=           1
   25.8013542259439        28.5682772557940        29.1240664993287     
   31.3706910741001        36.7964423295602        39.1110830393702     
   40.8478570221245        42.3596858995954        42.7804408630466     
   45.1805550171869        48.8119178962057        49.3756610740091     
   52.2774749275318        54.8788381479802     
  pi=           1 J=           2
   24.8252950598861        25.9767136451823        28.4105716769787     
   35.7601241490927        36.6604428976036        37.0972380794480     
   37.4930036414614        38.7966589924083        39.6124123866427     
   42.4238100692119        43.2853412489645        44.6415981835475     
   46.6519958244359        47.4166361405806        54.1061855868580     
   55.4946866384764     
  pi=           1 J=           3
   25.2054016080274        26.1391467392992        33.5230971710827     
   34.6231877254052        34.9622707888181        35.6385753616858     
   38.0562691613876        38.4212376325936        41.2888957338453     
   41.7119685516407        45.4483850598622        47.4040979554653     
  pi=           1 J=           4
   23.9537390083564        26.4714350410349        34.5652095334755     
   35.4614965108865        44.5544334313909        46.8220161968613     
  pi=           1 J=           5
   34.7991835957557        35.3668897261331     
