 
  pi=          -1 J=           0
 dimension=           6
  pi=          -1 J=           1
 dimension=          14
  pi=          -1 J=           2
 dimension=          14
  pi=          -1 J=           3
 dimension=          10
  pi=          -1 J=           4
 dimension=           4
  pi=          -1 J=           5
 dimension=           0
  pi=          -1 J=           6
 dimension=           0
  pi=          -1 J=           7
 dimension=           0
  pi=           1 J=           0
 dimension=           6
  pi=           1 J=           1
 dimension=          14
  pi=           1 J=           2
 dimension=          16
  pi=           1 J=           3
 dimension=          12
  pi=           1 J=           4
 dimension=           6
  pi=           1 J=           5
 dimension=           2
  pi=           1 J=           6
 dimension=           0
  pi=           1 J=           7
 dimension=           0
